Flow report for top
Mon Apr 05 20:49:32 2021
Quartus Prime Version 20.1.1 Build 720 11/11/2020 SJ Lite Edition


---------------------
; Table of Contents ;
---------------------
  1. Legal Notice
  2. Flow Summary
  3. Flow Settings
  4. Flow Non-Default Global Settings
  5. Flow Elapsed Time
  6. Flow OS Summary
  7. Flow Log
  8. Flow Messages
  9. Flow Suppressed Messages



----------------
; Legal Notice ;
----------------
Copyright (C) 2020  Intel Corporation. All rights reserved.
Your use of Intel Corporation's design tools, logic functions 
and other software and tools, and any partner logic 
functions, and any output files from any of the foregoing 
(including device programming or simulation files), and any 
associated documentation or information are expressly subject 
to the terms and conditions of the Intel Program License 
Subscription Agreement, the Intel Quartus Prime License Agreement,
the Intel FPGA IP License Agreement, or other applicable license
agreement, including, without limitation, that your use is for
the sole purpose of programming logic devices manufactured by
Intel and sold by Intel or its authorized distributors.  Please
refer to the applicable agreement for further details, at
https://fpgasoftware.intel.com/eula.



+-------------------------------------------------------------------------------+
; Flow Summary                                                                  ;
+---------------------------------+---------------------------------------------+
; Flow Status                     ; Successful - Mon Apr 05 20:49:32 2021       ;
; Quartus Prime Version           ; 20.1.1 Build 720 11/11/2020 SJ Lite Edition ;
; Revision Name                   ; top                                         ;
; Top-level Entity Name           ; top                                         ;
; Family                          ; Cyclone V                                   ;
; Device                          ; 5CSEMA5F31C6                                ;
; Timing Models                   ; Final                                       ;
; Logic utilization (in ALMs)     ; 1,752 / 32,070 ( 5 % )                      ;
; Total registers                 ; 1891                                        ;
; Total pins                      ; 44 / 457 ( 10 % )                           ;
; Total virtual pins              ; 0                                           ;
; Total block memory bits         ; 2,990,080 / 4,065,280 ( 74 % )              ;
; Total DSP Blocks                ; 3 / 87 ( 3 % )                              ;
; Total HSSI RX PCSs              ; 0                                           ;
; Total HSSI PMA RX Deserializers ; 0                                           ;
; Total HSSI TX PCSs              ; 0                                           ;
; Total HSSI PMA TX Serializers   ; 0                                           ;
; Total PLLs                      ; 1 / 6 ( 17 % )                              ;
; Total DLLs                      ; 0 / 4 ( 0 % )                               ;
+---------------------------------+---------------------------------------------+


+-----------------------------------------+
; Flow Settings                           ;
+-------------------+---------------------+
; Option            ; Setting             ;
+-------------------+---------------------+
; Start date & time ; 04/05/2021 19:31:45 ;
; Main task         ; Compilation         ;
; Revision Name     ; top                 ;
+-------------------+---------------------+


+-------------------------------------------------------------------------------------------------------------------------+
; Flow Non-Default Global Settings                                                                                        ;
+-------------------------------------+----------------------------------------+---------------+-------------+------------+
; Assignment Name                     ; Value                                  ; Default Value ; Entity Name ; Section Id ;
+-------------------------------------+----------------------------------------+---------------+-------------+------------+
; COMPILER_SIGNATURE_ID               ; 121376537145.161766550505572           ; --            ; --          ; --         ;
; ENABLE_SIGNALTAP                    ; On                                     ; --            ; --          ; --         ;
; MAX_CORE_JUNCTION_TEMP              ; 85                                     ; --            ; --          ; --         ;
; MIN_CORE_JUNCTION_TEMP              ; 0                                      ; --            ; --          ; --         ;
; MISC_FILE                           ; twoportram_bb.v                        ; --            ; --          ; --         ;
; MISC_FILE                           ; mem10k_megafunction_bb.v               ; --            ; --          ; --         ;
; PARTITION_COLOR                     ; -- (Not supported for targeted family) ; --            ; --          ; Top        ;
; PARTITION_FITTER_PRESERVATION_LEVEL ; -- (Not supported for targeted family) ; --            ; --          ; Top        ;
; PARTITION_NETLIST_TYPE              ; -- (Not supported for targeted family) ; --            ; --          ; Top        ;
; POWER_BOARD_THERMAL_MODEL           ; None (CONSERVATIVE)                    ; --            ; --          ; --         ;
; POWER_PRESET_COOLING_SOLUTION       ; 23 MM HEAT SINK WITH 200 LFPM AIRFLOW  ; --            ; --          ; --         ;
; PROJECT_OUTPUT_DIRECTORY            ; output_files                           ; --            ; --          ; --         ;
; SLD_FILE                            ; db/stp1_auto_stripped.stp              ; --            ; --          ; --         ;
; USE_SIGNALTAP_FILE                  ; output_files/stp1.stp                  ; --            ; --          ; --         ;
+-------------------------------------+----------------------------------------+---------------+-------------+------------+


+--------------------------------------------------------------------------------------------------------------------------+
; Flow Elapsed Time                                                                                                        ;
+----------------------+--------------+-------------------------+---------------------+------------------------------------+
; Module Name          ; Elapsed Time ; Average Processors Used ; Peak Virtual Memory ; Total CPU Time (on all processors) ;
+----------------------+--------------+-------------------------+---------------------+------------------------------------+
; Analysis & Synthesis ; 00:00:35     ; 1.0                     ; 5036 MB             ; 00:00:38                           ;
; Fitter               ; 00:02:49     ; 1.2                     ; 6661 MB             ; 00:06:03                           ;
; Assembler            ; 00:00:13     ; 1.0                     ; 4917 MB             ; 00:00:13                           ;
; Timing Analyzer      ; 00:00:28     ; 2.2                     ; 5328 MB             ; 00:00:50                           ;
; MIF/HEX Update       ; 00:00:13     ; 1.0                     ; 5024 MB             ; 00:00:12                           ;
; Assembler            ; 00:00:13     ; 1.0                     ; 4920 MB             ; 00:00:12                           ;
; MIF/HEX Update       ; 00:00:12     ; 1.0                     ; 5028 MB             ; 00:00:11                           ;
; Assembler            ; 00:00:13     ; 1.0                     ; 4929 MB             ; 00:00:12                           ;
; MIF/HEX Update       ; 00:00:12     ; 1.0                     ; 5027 MB             ; 00:00:12                           ;
; Assembler            ; 00:00:13     ; 1.0                     ; 4928 MB             ; 00:00:13                           ;
; MIF/HEX Update       ; 00:00:13     ; 1.0                     ; 5031 MB             ; 00:00:11                           ;
; Assembler            ; 00:00:13     ; 1.0                     ; 4932 MB             ; 00:00:12                           ;
; Total                ; 00:05:47     ; --                      ; --                  ; 00:09:19                           ;
+----------------------+--------------+-------------------------+---------------------+------------------------------------+


+------------------------------------------------------------------------------------+
; Flow OS Summary                                                                    ;
+----------------------+------------------+------------+------------+----------------+
; Module Name          ; Machine Hostname ; OS Name    ; OS Version ; Processor type ;
+----------------------+------------------+------------+------------+----------------+
; Analysis & Synthesis ; JAMESLIUA003     ; Windows 10 ; 10.0       ; x86_64         ;
; Fitter               ; JAMESLIUA003     ; Windows 10 ; 10.0       ; x86_64         ;
; Assembler            ; JAMESLIUA003     ; Windows 10 ; 10.0       ; x86_64         ;
; Timing Analyzer      ; JAMESLIUA003     ; Windows 10 ; 10.0       ; x86_64         ;
; MIF/HEX Update       ; JAMESLIUA003     ; Windows 10 ; 10.0       ; x86_64         ;
; Assembler            ; JAMESLIUA003     ; Windows 10 ; 10.0       ; x86_64         ;
; MIF/HEX Update       ; JAMESLIUA003     ; Windows 10 ; 10.0       ; x86_64         ;
; Assembler            ; JAMESLIUA003     ; Windows 10 ; 10.0       ; x86_64         ;
; MIF/HEX Update       ; JAMESLIUA003     ; Windows 10 ; 10.0       ; x86_64         ;
; Assembler            ; JAMESLIUA003     ; Windows 10 ; 10.0       ; x86_64         ;
; MIF/HEX Update       ; JAMESLIUA003     ; Windows 10 ; 10.0       ; x86_64         ;
; Assembler            ; JAMESLIUA003     ; Windows 10 ; 10.0       ; x86_64         ;
+----------------------+------------------+------------+------------+----------------+


------------
; Flow Log ;
------------
quartus_map --read_settings_files=on --write_settings_files=off demo -c top
quartus_fit --read_settings_files=off --write_settings_files=off demo -c top
quartus_asm --read_settings_files=off --write_settings_files=off demo -c top
quartus_sta demo -c top
quartus_cdb demo -c top --update_mif
quartus_asm --read_settings_files=on --write_settings_files=off demo -c top
quartus_cdb demo -c top --update_mif
quartus_asm --read_settings_files=on --write_settings_files=off demo -c top
quartus_cdb demo -c top --update_mif
quartus_asm --read_settings_files=on --write_settings_files=off demo -c top
quartus_cdb demo -c top --update_mif
quartus_asm --read_settings_files=on --write_settings_files=off demo -c top



