MIF/HEX Update report for top
Mon Apr 05 15:29:07 2021
Quartus Prime Version 20.1.1 Build 720 11/11/2020 SJ Lite Edition


---------------------
; Table of Contents ;
---------------------
  1. Legal Notice
  2. MIF/HEX Update Summary
  3. MIF/HEX Update Processed Files
  4. MIF/HEX Update Messages



----------------
; Legal Notice ;
----------------
Copyright (C) 2020  Intel Corporation. All rights reserved.
Your use of Intel Corporation's design tools, logic functions 
and other software and tools, and any partner logic 
functions, and any output files from any of the foregoing 
(including device programming or simulation files), and any 
associated documentation or information are expressly subject 
to the terms and conditions of the Intel Program License 
Subscription Agreement, the Intel Quartus Prime License Agreement,
the Intel FPGA IP License Agreement, or other applicable license
agreement, including, without limitation, that your use is for
the sole purpose of programming logic devices manufactured by
Intel and sold by Intel or its authorized distributors.  Please
refer to the applicable agreement for further details, at
https://fpgasoftware.intel.com/eula.



+---------------------------------------------------------------+
; MIF/HEX Update Summary                                        ;
+-----------------------+---------------------------------------+
; MIF/HEX Update Status ; Successful - Mon Apr 05 15:29:07 2021 ;
; Revision Name         ; top                                   ;
; Top-level Entity Name ; top                                   ;
; Family                ; Cyclone V                             ;
; Device                ; 5CSEMA5F31C6                          ;
+-----------------------+---------------------------------------+


+------------------------------------------------------------------------------------------------------------------------------------------------------------------------------------------------------------------------------------+
; MIF/HEX Update Processed Files                                                                                                                                                                                                     ;
+------------------------------------------------------------------------------------------------------------------------------------------------------------------------------------------------------------------------------------+
; File Name                                                                                                                                                                                                                          ;
+------------------------------------------------------------------------------------------------------------------------------------------------------------------------------------------------------------------------------------+
; Z:/Development/ECE496/ECE496/my-electron-app/resources/compiler/demo/quartus_proj/resources/mandel.mif                                                                                                                             ;
; Z:/Development/ECE496/ECE496/my-electron-app/resources/compiler/demo/quartus_proj/resources/peripherals/vga/480_1502934674.inkh_59_melloque_waifu2x_art_scale_tta_1 copy_waifu2x_art_noise3_scale_tta_1 copy 2.png.p256.png.mif    ;
; Z:/Development/ECE496/ECE496/my-electron-app/resources/compiler/demo/quartus_proj/resources/peripherals/vga/480_1502934674.inkh_59_melloque_waifu2x_art_scale_tta_1 copy_waifu2x_art_noise3_scale_tta_1 copy 2.png.palette.png.mif ;
+------------------------------------------------------------------------------------------------------------------------------------------------------------------------------------------------------------------------------------+


+-------------------------+
; MIF/HEX Update Messages ;
+-------------------------+
Info: *******************************************************************
Info: Running Quartus Prime MIF/HEX Update
    Info: Version 20.1.1 Build 720 11/11/2020 SJ Lite Edition
    Info: Processing started: Mon Apr 05 15:28:50 2021
Info: Command: quartus_cdb demo -c top --update_mif
Warning (18236): Number of processors has not been specified which may cause overloading on shared machines.  Set the global assignment NUM_PARALLEL_PROCESSORS in your QSF to an appropriate value for best performance.
Critical Warning (127005): Memory depth (256) in the design file differs from memory depth (255) in the Memory Initialization File "Z:/Development/ECE496/ECE496/my-electron-app/resources/compiler/demo/quartus_proj/resources/peripherals/vga/480_1502934674.inkh_59_melloque_waifu2x_art_scale_tta_1 copy_waifu2x_art_noise3_scale_tta_1 copy 2.png.palette.png.mif" -- setting initial value for remaining addresses to 0
Critical Warning (127005): Memory depth (16384) in the design file differs from memory depth (1338) in the Memory Initialization File "Z:/Development/ECE496/ECE496/my-electron-app/resources/compiler/demo/quartus_proj/resources/mandel.mif" -- setting initial value for remaining addresses to 0
Info (39024): Processed the following Memory Initialization File(s)
    Info (39025): Processed Memory Initialization File Z:/Development/ECE496/ECE496/my-electron-app/resources/compiler/demo/quartus_proj/resources/mandel.mif File: Z:/Development/ECE496/ECE496/my-electron-app/resources/compiler/demo/quartus_proj/resources/mandel.mif Line: 0
    Info (39025): Processed Memory Initialization File Z:/Development/ECE496/ECE496/my-electron-app/resources/compiler/demo/quartus_proj/resources/peripherals/vga/480_1502934674.inkh_59_melloque_waifu2x_art_scale_tta_1 copy_waifu2x_art_noise3_scale_tta_1 copy 2.png.p256.png.mif File: Z:/Development/ECE496/ECE496/my-electron-app/resources/compiler/demo/quartus_proj/resources/peripherals/vga/480_1502934674.inkh_59_melloque_waifu2x_art_scale_tta_1 copy_waifu2x_art_noise3_scale_tta_1 copy 2.png.p256.png.mif Line: 0
    Info (39025): Processed Memory Initialization File Z:/Development/ECE496/ECE496/my-electron-app/resources/compiler/demo/quartus_proj/resources/peripherals/vga/480_1502934674.inkh_59_melloque_waifu2x_art_scale_tta_1 copy_waifu2x_art_noise3_scale_tta_1 copy 2.png.palette.png.mif File: Z:/Development/ECE496/ECE496/my-electron-app/resources/compiler/demo/quartus_proj/resources/peripherals/vga/480_1502934674.inkh_59_melloque_waifu2x_art_scale_tta_1 copy_waifu2x_art_noise3_scale_tta_1 copy 2.png.palette.png.mif Line: 0
Info: Quartus Prime MIF/HEX Update was successful. 0 errors, 3 warnings
    Info: Peak virtual memory: 5049 megabytes
    Info: Processing ended: Mon Apr 05 15:29:08 2021
    Info: Elapsed time: 00:00:18
    Info: Total CPU time (on all processors): 00:00:12


